2024-11-16 20:39:43 [restartedMain] INFO  com.challenge.VoteApplication - Starting VoteApplication using Java 23 with PID 18548 (C:\Users\berna\OneDrive\Projeto Bernardo\vote\target\classes started by berna in C:\Users\berna\OneDrive\Projeto Bernardo\vote)
2024-11-16 20:39:43 [restartedMain] INFO  com.challenge.VoteApplication - No active profile set, falling back to 1 default profile: "default"
2024-11-16 20:39:43 [restartedMain] INFO  o.s.b.d.e.DevToolsPropertyDefaultsPostProcessor - Devtools property defaults active! Set 'spring.devtools.add-properties' to 'false' to disable
2024-11-16 20:39:43 [restartedMain] INFO  o.s.b.d.e.DevToolsPropertyDefaultsPostProcessor - For additional web related logging consider setting the 'logging.level.web' property to 'DEBUG'
2024-11-16 20:39:43 [restartedMain] INFO  o.s.b.d.c.l.DockerComposeLifecycleManager - Using Docker Compose file 'C:\Users\berna\OneDrive\Projeto Bernardo\vote\docker-compose.yml'
2024-11-16 20:39:44 [restartedMain] ERROR o.s.boot.SpringApplication - Application run failed
org.springframework.boot.docker.compose.core.DockerNotRunningException: Docker is not running
	at org.springframework.boot.docker.compose.core.DockerCli$DockerCommands.getDockerCommand(DockerCli.java:146)
	at org.springframework.boot.docker.compose.core.DockerCli$DockerCommands.<init>(DockerCli.java:129)
	at org.springframework.boot.docker.compose.core.DockerCli.lambda$new$0(DockerCli.java:65)
	at java.base/java.util.HashMap.computeIfAbsent(HashMap.java:1229)
	at org.springframework.boot.docker.compose.core.DockerCli.<init>(DockerCli.java:64)
	at org.springframework.boot.docker.compose.core.DockerCompose.get(DockerCompose.java:92)
	at org.springframework.boot.docker.compose.lifecycle.DockerComposeLifecycleManager.getDockerCompose(DockerComposeLifecycleManager.java:156)
	at org.springframework.boot.docker.compose.lifecycle.DockerComposeLifecycleManager.start(DockerComposeLifecycleManager.java:111)
	at org.springframework.boot.docker.compose.lifecycle.DockerComposeListener.onApplicationEvent(DockerComposeListener.java:53)
	at org.springframework.boot.docker.compose.lifecycle.DockerComposeListener.onApplicationEvent(DockerComposeListener.java:35)
	at org.springframework.context.event.SimpleApplicationEventMulticaster.doInvokeListener(SimpleApplicationEventMulticaster.java:185)
	at org.springframework.context.event.SimpleApplicationEventMulticaster.invokeListener(SimpleApplicationEventMulticaster.java:178)
	at org.springframework.context.event.SimpleApplicationEventMulticaster.multicastEvent(SimpleApplicationEventMulticaster.java:156)
	at org.springframework.context.event.SimpleApplicationEventMulticaster.multicastEvent(SimpleApplicationEventMulticaster.java:138)
	at org.springframework.boot.context.event.EventPublishingRunListener.multicastInitialEvent(EventPublishingRunListener.java:136)
	at org.springframework.boot.context.event.EventPublishingRunListener.contextLoaded(EventPublishingRunListener.java:98)
	at org.springframework.boot.SpringApplicationRunListeners.lambda$contextLoaded$4(SpringApplicationRunListeners.java:72)
	at java.base/java.lang.Iterable.forEach(Iterable.java:75)
	at org.springframework.boot.SpringApplicationRunListeners.doWithListeners(SpringApplicationRunListeners.java:118)
	at org.springframework.boot.SpringApplicationRunListeners.doWithListeners(SpringApplicationRunListeners.java:112)
	at org.springframework.boot.SpringApplicationRunListeners.contextLoaded(SpringApplicationRunListeners.java:72)
	at org.springframework.boot.SpringApplication.prepareContext(SpringApplication.java:433)
	at org.springframework.boot.SpringApplication.run(SpringApplication.java:334)
	at org.springframework.boot.SpringApplication.run(SpringApplication.java:1363)
	at org.springframework.boot.SpringApplication.run(SpringApplication.java:1352)
	at com.challenge.VoteApplication.main(VoteApplication.java:12)
	at java.base/jdk.internal.reflect.DirectMethodHandleAccessor.invoke(DirectMethodHandleAccessor.java:103)
	at java.base/java.lang.reflect.Method.invoke(Method.java:580)
	at org.springframework.boot.devtools.restart.RestartLauncher.run(RestartLauncher.java:50)
Caused by: org.springframework.boot.docker.compose.core.ProcessExitException: 'docker version --format {{.Client.Version}}' failed with exit code 1.

Stdout:
24.0.6


Stderr:
error during connect: this error may indicate that the docker daemon is not running: Get "http://%2F%2F.%2Fpipe%2Fdocker_engine/v1.24/version": open //./pipe/docker_engine: O sistema não pode encontrar o arquivo especificado.

	at org.springframework.boot.docker.compose.core.ProcessRunner.run(ProcessRunner.java:96)
	at org.springframework.boot.docker.compose.core.ProcessRunner.run(ProcessRunner.java:74)
	at org.springframework.boot.docker.compose.core.DockerCli$DockerCommands.getDockerCommand(DockerCli.java:135)
	... 28 common frames omitted
2024-11-16 20:41:34 [restartedMain] INFO  com.challenge.VoteApplication - Starting VoteApplication using Java 23 with PID 19064 (C:\Users\berna\OneDrive\Projeto Bernardo\vote\target\classes started by berna in C:\Users\berna\OneDrive\Projeto Bernardo\vote)
2024-11-16 20:41:34 [restartedMain] INFO  com.challenge.VoteApplication - No active profile set, falling back to 1 default profile: "default"
2024-11-16 20:41:34 [restartedMain] INFO  o.s.b.d.e.DevToolsPropertyDefaultsPostProcessor - Devtools property defaults active! Set 'spring.devtools.add-properties' to 'false' to disable
2024-11-16 20:41:34 [restartedMain] INFO  o.s.b.d.e.DevToolsPropertyDefaultsPostProcessor - For additional web related logging consider setting the 'logging.level.web' property to 'DEBUG'
2024-11-16 20:41:34 [restartedMain] INFO  o.s.b.d.c.l.DockerComposeLifecycleManager - Using Docker Compose file 'C:\Users\berna\OneDrive\Projeto Bernardo\vote\docker-compose.yml'
2024-11-16 20:41:37 [OutputReader-stderr] INFO  o.s.b.docker.compose.core.DockerCli -  Container meu_postgres_novo  Created
2024-11-16 20:41:37 [OutputReader-stderr] INFO  o.s.b.docker.compose.core.DockerCli -  Container vote-zookeeper-1  Created
2024-11-16 20:41:37 [OutputReader-stderr] INFO  o.s.b.docker.compose.core.DockerCli -  Container vote-kafka-1  Created
2024-11-16 20:41:37 [OutputReader-stderr] INFO  o.s.b.docker.compose.core.DockerCli -  Container vote-zookeeper-1  Starting
2024-11-16 20:41:37 [OutputReader-stderr] INFO  o.s.b.docker.compose.core.DockerCli -  Container meu_postgres_novo  Starting
2024-11-16 20:41:38 [OutputReader-stderr] INFO  o.s.b.docker.compose.core.DockerCli -  Container vote-zookeeper-1  Started
2024-11-16 20:41:38 [OutputReader-stderr] INFO  o.s.b.docker.compose.core.DockerCli -  Container vote-kafka-1  Starting
2024-11-16 20:41:38 [OutputReader-stderr] INFO  o.s.b.docker.compose.core.DockerCli -  Container meu_postgres_novo  Started
2024-11-16 20:41:39 [OutputReader-stderr] INFO  o.s.b.docker.compose.core.DockerCli -  Container vote-kafka-1  Started
2024-11-16 20:41:39 [OutputReader-stderr] INFO  o.s.b.docker.compose.core.DockerCli -  Container vote-kafka-1  Waiting
2024-11-16 20:41:39 [OutputReader-stderr] INFO  o.s.b.docker.compose.core.DockerCli -  Container meu_postgres_novo  Waiting
2024-11-16 20:41:39 [OutputReader-stderr] INFO  o.s.b.docker.compose.core.DockerCli -  Container vote-zookeeper-1  Waiting
2024-11-16 20:41:39 [OutputReader-stderr] INFO  o.s.b.docker.compose.core.DockerCli -  Container meu_postgres_novo  Healthy
2024-11-16 20:41:39 [OutputReader-stderr] INFO  o.s.b.docker.compose.core.DockerCli -  Container vote-kafka-1  Healthy
2024-11-16 20:41:39 [OutputReader-stderr] INFO  o.s.b.docker.compose.core.DockerCli -  Container vote-zookeeper-1  Healthy
2024-11-16 20:41:58 [restartedMain] INFO  o.s.d.r.c.RepositoryConfigurationDelegate - Bootstrapping Spring Data JPA repositories in DEFAULT mode.
2024-11-16 20:41:58 [restartedMain] INFO  o.s.d.r.c.RepositoryConfigurationDelegate - Finished Spring Data repository scanning in 127 ms. Found 2 JPA repository interfaces.
2024-11-16 20:41:59 [restartedMain] INFO  o.s.cloud.context.scope.GenericScope - BeanFactory id=54169a22-12a2-38d3-a62a-50ff0f743689
2024-11-16 20:42:00 [restartedMain] INFO  o.s.b.w.e.tomcat.TomcatWebServer - Tomcat initialized with port 8081 (http)
2024-11-16 20:42:00 [restartedMain] INFO  o.a.catalina.core.StandardService - Starting service [Tomcat]
2024-11-16 20:42:00 [restartedMain] INFO  o.a.catalina.core.StandardEngine - Starting Servlet engine: [Apache Tomcat/10.1.30]
2024-11-16 20:42:00 [restartedMain] INFO  o.a.c.c.C.[Tomcat].[localhost].[/] - Initializing Spring embedded WebApplicationContext
2024-11-16 20:42:00 [restartedMain] INFO  o.s.b.w.s.c.ServletWebServerApplicationContext - Root WebApplicationContext: initialization completed in 5095 ms
2024-11-16 20:42:01 [restartedMain] INFO  o.h.jpa.internal.util.LogHelper - HHH000204: Processing PersistenceUnitInfo [name: default]
2024-11-16 20:42:01 [restartedMain] INFO  org.hibernate.Version - HHH000412: Hibernate ORM core version 6.5.3.Final
2024-11-16 20:42:01 [restartedMain] INFO  o.h.c.i.RegionFactoryInitiator - HHH000026: Second-level cache disabled
2024-11-16 20:42:02 [restartedMain] INFO  o.s.o.j.p.SpringPersistenceUnitInfo - No LoadTimeWeaver setup: ignoring JPA class transformer
2024-11-16 20:42:02 [restartedMain] INFO  com.zaxxer.hikari.HikariDataSource - HikariPool-1 - Starting...
2024-11-16 20:42:03 [restartedMain] INFO  com.zaxxer.hikari.pool.HikariPool - HikariPool-1 - Added connection org.postgresql.jdbc.PgConnection@7822ba91
2024-11-16 20:42:03 [restartedMain] INFO  com.zaxxer.hikari.HikariDataSource - HikariPool-1 - Start completed.
2024-11-16 20:42:03 [restartedMain] WARN  org.hibernate.orm.deprecation - HHH90000025: PostgreSQLDialect does not need to be specified explicitly using 'hibernate.dialect' (remove the property setting and it will be selected by default)
2024-11-16 20:42:05 [restartedMain] INFO  o.h.e.t.j.p.i.JtaPlatformInitiator - HHH000489: No JTA platform available (set 'hibernate.transaction.jta.platform' to enable JTA platform integration)
2024-11-16 20:42:05 [restartedMain] INFO  o.s.o.j.LocalContainerEntityManagerFactoryBean - Initialized JPA EntityManagerFactory for persistence unit 'default'
2024-11-16 20:42:05 [restartedMain] WARN  o.s.b.a.o.j.JpaBaseConfiguration$JpaWebConfiguration - spring.jpa.open-in-view is enabled by default. Therefore, database queries may be performed during view rendering. Explicitly configure spring.jpa.open-in-view to disable this warning
2024-11-16 20:42:06 [restartedMain] INFO  o.s.b.d.a.OptionalLiveReloadServer - LiveReload server is running on port 35729
2024-11-16 20:42:07 [restartedMain] WARN  o.s.b.a.s.s.UserDetailsServiceAutoConfiguration - 

Using generated security password: a559cae5-0700-44f6-9aa9-e57f548f42f9

This generated password is for development use only. Your security configuration must be updated before running your application in production.

2024-11-16 20:42:07 [restartedMain] INFO  o.s.s.c.a.a.c.InitializeUserDetailsBeanManagerConfigurer$InitializeUserDetailsManagerConfigurer - Global AuthenticationManager configured with UserDetailsService bean with name inMemoryUserDetailsManager
2024-11-16 20:42:09 [restartedMain] INFO  o.s.b.w.e.tomcat.TomcatWebServer - Tomcat started on port 8081 (http) with context path '/'
2024-11-16 20:42:09 [restartedMain] INFO  com.challenge.VoteApplication - Started VoteApplication in 36.162 seconds (process running for 37.557)
2024-11-16 20:42:20 [SpringApplicationShutdownHook] INFO  o.s.o.j.LocalContainerEntityManagerFactoryBean - Closing JPA EntityManagerFactory for persistence unit 'default'
2024-11-16 20:42:20 [SpringApplicationShutdownHook] INFO  com.zaxxer.hikari.HikariDataSource - HikariPool-1 - Shutdown initiated...
2024-11-16 20:42:20 [SpringApplicationShutdownHook] INFO  com.zaxxer.hikari.HikariDataSource - HikariPool-1 - Shutdown completed.
